# JRE version: Java(TM) SE Runtime Environment (8.0_221-b11) (build 1.8.0_221-b11)
# Java VM: Java HotSpot(TM) 64-Bit Server VM (25.221-b11 mixed mode windows-amd64 compressed oops)
Heap:
 PSYoungGen      total 564224K, used 322085K [0x000000076bd00000, 0x00000007aa500000, 0x00000007c0000000)
  eden space 104448K, 51% used [0x000000076bd00000,0x000000076f209370,0x0000000772300000)
  from space 459776K, 58% used [0x0000000772300000,0x0000000782880310,0x000000078e400000)
  to   space 459264K, 0% used [0x000000078e480000,0x000000078e480000,0x00000007aa500000)
 ParOldGen       total 1203712K, used 748871K [0x00000006c3600000, 0x000000070cd80000, 0x000000076bd00000)
  object space 1203712K, 62% used [0x00000006c3600000,0x00000006f1151ea8,0x000000070cd80000)
 Metaspace       used 29986K, capacity 30884K, committed 31104K, reserved 1077248K
  class space    used 3909K, capacity 4136K, committed 4224K, reserved 1048576K
GC Heap History (10 events):
Event: 98.283 GC heap before
{Heap before GC invocations=72 (full 11):
 PSYoungGen      total 551936K, used 92160K [0x000000076bd00000, 0x00000007a9980000, 0x00000007c0000000)
  eden space 92160K, 100% used [0x000000076bd00000,0x0000000771700000,0x0000000771700000)
  from space 459776K, 0% used [0x000000078d800000,0x000000078d800000,0x00000007a9900000)
  to   space 459776K, 0% used [0x0000000771700000,0x0000000771700000,0x000000078d800000)
 ParOldGen       total 1203712K, used 748871K [0x00000006c3600000, 0x000000070cd80000, 0x000000076bd00000)
  object space 1203712K, 62% used [0x00000006c3600000,0x00000006f1151ea8,0x000000070cd80000)
 Metaspace       used 29968K, capacity 30884K, committed 31104K, reserved 1077248K
  class space    used 3909K, capacity 4136K, committed 4224K, reserved 1048576K
Event: 98.319 GC heap after
Heap after GC invocations=72 (full 11):
 PSYoungGen      total 551936K, used 77251K [0x000000076bd00000, 0x00000007aa580000, 0x00000007c0000000)
  eden space 92160K, 0% used [0x000000076bd00000,0x000000076bd00000,0x0000000771700000)
  from space 459776K, 16% used [0x0000000771700000,0x0000000776270e80,0x000000078d800000)
  to   space 459776K, 0% used [0x000000078e480000,0x000000078e480000,0x00000007aa580000)
 ParOldGen       total 1203712K, used 748871K [0x00000006c3600000, 0x000000070cd80000, 0x000000076bd00000)
  object space 1203712K, 62% used [0x00000006c3600000,0x00000006f1151ea8,0x000000070cd80000)
 Metaspace       used 29968K, capacity 30884K, committed 31104K, reserved 1077248K
  class space    used 3909K, capacity 4136K, committed 4224K, reserved 1048576K
}
Event: 98.520 GC heap before
{Heap before GC invocations=73 (full 11):
 PSYoungGen      total 551936K, used 169411K [0x000000076bd00000, 0x00000007aa580000, 0x00000007c0000000)
  eden space 92160K, 100% used [0x000000076bd00000,0x0000000771700000,0x0000000771700000)
  from space 459776K, 16% used [0x0000000771700000,0x0000000776270e80,0x000000078d800000)
  to   space 459776K, 0% used [0x000000078e480000,0x000000078e480000,0x00000007aa580000)
 ParOldGen       total 1203712K, used 748871K [0x00000006c3600000, 0x000000070cd80000, 0x000000076bd00000)
  object space 1203712K, 62% used [0x00000006c3600000,0x00000006f1151ea8,0x000000070cd80000)
 Metaspace       used 29968K, capacity 30884K, committed 31104K, reserved 1077248K
  class space    used 3909K, capacity 4136K, committed 4224K, reserved 1048576K
Event: 98.592 GC heap after
Heap after GC invocations=73 (full 11):
 PSYoungGen      total 563712K, used 133602K [0x000000076bd00000, 0x00000007aa500000, 0x00000007c0000000)
  eden space 104448K, 0% used [0x000000076bd00000,0x000000076bd00000,0x0000000772300000)
  from space 459264K, 29% used [0x000000078e480000,0x00000007966f8be0,0x00000007aa500000)
  to   space 459776K, 0% used [0x0000000772300000,0x0000000772300000,0x000000078e400000)
 ParOldGen       total 1203712K, used 748871K [0x00000006c3600000, 0x000000070cd80000, 0x000000076bd00000)
  object space 1203712K, 62% used [0x00000006c3600000,0x00000006f1151ea8,0x000000070cd80000)
 Metaspace       used 29968K, capacity 30884K, committed 31104K, reserved 1077248K
  class space    used 3909K, capacity 4136K, committed 4224K, reserved 1048576K
}
Event: 98.742 GC heap before
{Heap before GC invocations=74 (full 11):
 PSYoungGen      total 563712K, used 238050K [0x000000076bd00000, 0x00000007aa500000, 0x00000007c0000000)
  eden space 104448K, 100% used [0x000000076bd00000,0x0000000772300000,0x0000000772300000)
  from space 459264K, 29% used [0x000000078e480000,0x00000007966f8be0,0x00000007aa500000)
  to   space 459776K, 0% used [0x0000000772300000,0x0000000772300000,0x000000078e400000)
 ParOldGen       total 1203712K, used 748871K [0x00000006c3600000, 0x000000070cd80000, 0x000000076bd00000)
  object space 1203712K, 62% used [0x00000006c3600000,0x00000006f1151ea8,0x000000070cd80000)
 Metaspace       used 29968K, capacity 30884K, committed 31104K, reserved 1077248K
  class space    used 3909K, capacity 4136K, committed 4224K, reserved 1048576K
Event: 98.843 GC heap after
Heap after GC invocations=74 (full 11):
 PSYoungGen      total 564224K, used 172352K [0x000000076bd00000, 0x00000007aa500000, 0x00000007c0000000)
  eden space 104448K, 0% used [0x000000076bd00000,0x000000076bd00000,0x0000000772300000)
  from space 459776K, 37% used [0x0000000772300000,0x000000077cb50320,0x000000078e400000)
  to   space 459264K, 0% used [0x000000078e480000,0x000000078e480000,0x00000007aa500000)
 ParOldGen       total 1203712K, used 748871K [0x00000006c3600000, 0x000000070cd80000, 0x000000076bd00000)
  object space 1203712K, 62% used [0x00000006c3600000,0x00000006f1151ea8,0x000000070cd80000)
 Metaspace       used 29968K, capacity 30884K, committed 31104K, reserved 1077248K
  class space    used 3909K, capacity 4136K, committed 4224K, reserved 1048576K
}
Event: 98.985 GC heap before
{Heap before GC invocations=75 (full 11):
 PSYoungGen      total 564224K, used 276800K [0x000000076bd00000, 0x00000007aa500000, 0x00000007c0000000)
  eden space 104448K, 100% used [0x000000076bd00000,0x0000000772300000,0x0000000772300000)
  from space 459776K, 37% used [0x0000000772300000,0x000000077cb50320,0x000000078e400000)
  to   space 459264K, 0% used [0x000000078e480000,0x000000078e480000,0x00000007aa500000)
 ParOldGen       total 1203712K, used 748871K [0x00000006c3600000, 0x000000070cd80000, 0x000000076bd00000)
  object space 1203712K, 62% used [0x00000006c3600000,0x00000006f1151ea8,0x000000070cd80000)
 Metaspace       used 29968K, capacity 30884K, committed 31104K, reserved 1077248K
  class space    used 3909K, capacity 4136K, committed 4224K, reserved 1048576K
Event: 99.102 GC heap after
Heap after GC invocations=75 (full 11):
 PSYoungGen      total 563712K, used 220128K [0x000000076bd00000, 0x00000007aa500000, 0x00000007c0000000)
  eden space 104448K, 0% used [0x000000076bd00000,0x000000076bd00000,0x0000000772300000)
  from space 459264K, 47% used [0x000000078e480000,0x000000079bb78320,0x00000007aa500000)
  to   space 459776K, 0% used [0x0000000772300000,0x0000000772300000,0x000000078e400000)
 ParOldGen       total 1203712K, used 748871K [0x00000006c3600000, 0x000000070cd80000, 0x000000076bd00000)
  object space 1203712K, 62% used [0x00000006c3600000,0x00000006f1151ea8,0x000000070cd80000)
 Metaspace       used 29968K, capacity 30884K, committed 31104K, reserved 1077248K
  class space    used 3909K, capacity 4136K, committed 4224K, reserved 1048576K
}
Event: 99.258 GC heap before
{Heap before GC invocations=76 (full 11):
 PSYoungGen      total 563712K, used 324576K [0x000000076bd00000, 0x00000007aa500000, 0x00000007c0000000)
  eden space 104448K, 100% used [0x000000076bd00000,0x0000000772300000,0x0000000772300000)
  from space 459264K, 47% used [0x000000078e480000,0x000000079bb78320,0x00000007aa500000)
  to   space 459776K, 0% used [0x0000000772300000,0x0000000772300000,0x000000078e400000)
 ParOldGen       total 1203712K, used 748871K [0x00000006c3600000, 0x000000070cd80000, 0x000000076bd00000)
  object space 1203712K, 62% used [0x00000006c3600000,0x00000006f1151ea8,0x000000070cd80000)
 Metaspace       used 29968K, capacity 30884K, committed 31104K, reserved 1077248K
  class space    used 3909K, capacity 4136K, committed 4224K, reserved 1048576K
Event: 99.387 GC heap after
Heap after GC invocations=76 (full 11):
 PSYoungGen      total 564224K, used 267776K [0x000000076bd00000, 0x00000007aa500000, 0x00000007c0000000)
  eden space 104448K, 0% used [0x000000076bd00000,0x000000076bd00000,0x0000000772300000)
  from space 459776K, 58% used [0x0000000772300000,0x0000000782880310,0x000000078e400000)
  to   space 459264K, 0% used [0x000000078e480000,0x000000078e480000,0x00000007aa500000)
 ParOldGen       total 1203712K, used 748871K [0x00000006c3600000, 0x000000070cd80000, 0x000000076bd00000)
  object space 1203712K, 62% used [0x00000006c3600000,0x00000006f1151ea8,0x000000070cd80000)
 Metaspace       used 29968K, capacity 30884K, committed 31104K, reserved 1077248K
  class space    used 3909K, capacity 4136K, committed 4224K, reserved 1048576K
}

