<?xml version="1.0" encoding="UTF-8"?><testsuite failures="0" name="cucumber.runtime.formatter.JUnitFormatter" skipped="0" tests="2" time="53.827072">
<testcase classname="Go React Sign up and Login." name="Sign up and login as Instructor" time="35.474879">
<system-out><![CDATA[Given the user is in the GOREACT login page.................................passed
When user Sign up as an instructor..........................................passed
Then user is able to sign up as an instructor...............................passed
]]></system-out>
</testcase>
<testcase classname="Go React Sign up and Login." name="Sign up and login as Student" time="18.352193">
<system-out><![CDATA[Given the user is in the GOREACT login page.................................passed
When user Sign up as a Student..............................................passed
Then user is able to sign up as a student...................................passed
]]></system-out>
</testcase>
</testsuite>
